{
  "RSpec": {
    "coverage": {
      "/home/hugo/workspace/diabolic-chat/config/environment.rb": [
        null,
        1,
        null,
        null,
        1
      ],
      "/home/hugo/workspace/diabolic-chat/config/application.rb": [
        1,
        null,
        1,
        null,
        null,
        null,
        1,
        null,
        1,
        1,
        null,
        1,
        null,
        1,
        1,
        1,
        7,
        null,
        null,
        null,
        null,
        null
      ],
      "/home/hugo/workspace/diabolic-chat/config/boot.rb": [
        1,
        null,
        1
      ],
      "/home/hugo/workspace/diabolic-chat/config/environments/test.rb": [
        1,
        null,
        null,
        null,
        null,
        null,
        null,
        1,
        null,
        null,
        null,
        null,
        1,
        null,
        null,
        1,
        1,
        null,
        null,
        null,
        null,
        1,
        1,
        null,
        null,
        1,
        null,
        null,
        1,
        1,
        null,
        null,
        null,
        null,
        1,
        null,
        null,
        1,
        null,
        null,
        null,
        null
      ],
      "/home/hugo/workspace/diabolic-chat/config/initializers/application_controller_renderer.rb": [
        null,
        null,
        null,
        null,
        null,
        null
      ],
      "/home/hugo/workspace/diabolic-chat/config/initializers/assets.rb": [
        null,
        null,
        null,
        1,
        null,
        null,
        null,
        null,
        1,
        null,
        null,
        null,
        null,
        null
      ],
      "/home/hugo/workspace/diabolic-chat/config/initializers/backtrace_silencers.rb": [
        null,
        null,
        null,
        null,
        null,
        null,
        null
      ],
      "/home/hugo/workspace/diabolic-chat/config/initializers/cookies_serializer.rb": [
        null,
        null,
        null,
        null,
        1
      ],
      "/home/hugo/workspace/diabolic-chat/config/initializers/devise.rb": [
        null,
        null,
        1,
        null,
        null,
        null,
        null,
        null,
        null,
        null,
        null,
        null,
        null,
        null,
        1,
        null,
        null,
        null,
        null,
        null,
        null,
        null,
        null,
        null,
        null,
        null,
        1,
        null,
        null,
        null,
        null,
        null,
        null,
        null,
        null,
        null,
        null,
        null,
        null,
        null,
        null,
        null,
        null,
        null,
        null,
        null,
        null,
        null,
        1,
        null,
        null,
        null,
        null,
        1,
        null,
        null,
        null,
        null,
        null,
        null,
        null,
        null,
        null,
        null,
        null,
        null,
        null,
        null,
        null,
        null,
        null,
        null,
        null,
        null,
        null,
        null,
        null,
        null,
        null,
        null,
        null,
        null,
        null,
        null,
        1,
        null,
        null,
        null,
        null,
        null,
        null,
        null,
        null,
        null,
        null,
        null,
        null,
        null,
        null,
        null,
        null,
        null,
        null,
        null,
        null,
        null,
        null,
        1,
        null,
        null,
        null,
        null,
        null,
        null,
        null,
        null,
        null,
        null,
        null,
        null,
        null,
        null,
        null,
        null,
        null,
        null,
        null,
        null,
        null,
        null,
        null,
        null,
        null,
        null,
        null,
        null,
        null,
        null,
        1,
        null,
        null,
        null,
        null,
        null,
        null,
        null,
        null,
        null,
        1,
        null,
        null,
        null,
        null,
        null,
        null,
        null,
        null,
        null,
        null,
        1,
        null,
        null,
        null,
        null,
        1,
        null,
        null,
        null,
        null,
        null,
        null,
        null,
        null,
        null,
        null,
        null,
        null,
        null,
        null,
        null,
        null,
        null,
        null,
        null,
        null,
        null,
        null,
        null,
        null,
        null,
        null,
        null,
        null,
        null,
        null,
        null,
        null,
        null,
        null,
        null,
        null,
        null,
        null,
        null,
        null,
        1,
        null,
        null,
        null,
        null,
        null,
        null,
        null,
        null,
        null,
        null,
        null,
        null,
        null,
        null,
        null,
        null,
        null,
        null,
        null,
        null,
        null,
        null,
        null,
        null,
        null,
        null,
        null,
        null,
        null,
        null,
        null,
        null,
        null,
        null,
        null,
        null,
        null,
        null,
        null,
        null,
        null,
        1,
        null,
        null,
        null,
        null,
        null,
        null,
        null,
        null,
        null,
        null,
        null,
        null,
        null,
        null,
        null,
        null,
        null,
        null,
        null,
        null,
        null,
        null,
        null,
        null,
        null,
        null,
        null,
        null,
        null
      ],
      "/home/hugo/workspace/diabolic-chat/config/initializers/filter_parameter_logging.rb": [
        null,
        null,
        null,
        1
      ],
      "/home/hugo/workspace/diabolic-chat/config/initializers/inflections.rb": [
        null,
        null,
        null,
        null,
        null,
        null,
        null,
        null,
        null,
        null,
        null,
        null,
        null,
        null,
        null,
        null
      ],
      "/home/hugo/workspace/diabolic-chat/config/initializers/mime_types.rb": [
        null,
        null,
        null,
        null
      ],
      "/home/hugo/workspace/diabolic-chat/config/initializers/wrap_parameters.rb": [
        null,
        null,
        null,
        null,
        null,
        null,
        1,
        1,
        null,
        null,
        null,
        null,
        null,
        null
      ],
      "/home/hugo/workspace/diabolic-chat/spec/factories/users.rb": [
        1,
        1,
        6,
        6,
        6,
        null,
        null
      ],
      "/home/hugo/workspace/diabolic-chat/config/routes.rb": [
        1,
        1,
        1,
        null,
        1,
        1,
        1,
        1,
        1,
        1,
        null,
        null,
        null,
        null,
        null
      ],
      "/home/hugo/workspace/diabolic-chat/app/models/user.rb": [
        1,
        null,
        null,
        1,
        null,
        null
      ],
      "/home/hugo/workspace/diabolic-chat/app/models/application_record.rb": [
        1,
        1,
        null
      ],
      "/home/hugo/workspace/diabolic-chat/app/helpers/application_helper.rb": [
        1,
        null
      ],
      "/home/hugo/workspace/diabolic-chat/app/helpers/chat_helper.rb": [
        1,
        null
      ],
      "/home/hugo/workspace/diabolic-chat/app/helpers/static_helper.rb": [
        1,
        null
      ],
      "/home/hugo/workspace/diabolic-chat/app/controllers/api/v1/users_controller.rb": [
        1,
        1,
        1,
        1,
        null,
        1,
        5,
        5,
        2,
        null,
        3,
        null,
        null,
        null,
        1,
        0,
        null,
        null,
        1,
        null,
        1,
        5,
        null,
        null,
        null,
        null
      ],
      "/home/hugo/workspace/diabolic-chat/app/controllers/application_controller.rb": [
        1,
        1,
        null
      ],
      "/home/hugo/workspace/diabolic-chat/app/serializers/user_serializer.rb": [
        1,
        1,
        null
      ]
    },
    "timestamp": 1498428349
  }
}
